[2024-11-20 12:01:56] [INFO] Added 5 tickets to the pool. Current Pool: 5
[2024-11-20 12:02:00] [INFO] Failed to remove tickets. Not enough tickets in the pool.
[2024-11-20 12:02:03] [INFO] Added 5 tickets to the pool. Current Pool: 10
[2024-11-20 12:02:13] [INFO] Added 5 tickets to the pool. Current Pool: 15
[2024-11-20 12:02:14] [INFO] Added 5 tickets to the pool. Current Pool: 20
[2024-11-20 12:02:15] [INFO] Added 5 tickets to the pool. Current Pool: 25
[2024-11-20 12:02:16] [INFO] Added 5 tickets to the pool. Current Pool: 30
[2024-11-20 12:02:17] [INFO] Added 5 tickets to the pool. Current Pool: 35
[2024-11-20 12:02:18] [INFO] Added 5 tickets to the pool. Current Pool: 40
[2024-11-20 12:02:19] [INFO] Added 5 tickets to the pool. Current Pool: 45
[2024-11-20 12:02:20] [INFO] Added 5 tickets to the pool. Current Pool: 50
[2024-11-20 12:02:21] [INFO] Failed to add tickets. Pool is full.
[2024-11-20 12:02:22] [INFO] Failed to add tickets. Pool is full.
[2024-11-20 12:02:23] [INFO] Failed to add tickets. Pool is full.
[2024-11-20 12:02:24] [INFO] Failed to add tickets. Pool is full.
[2024-11-20 12:02:25] [INFO] Failed to add tickets. Pool is full.
[2024-11-20 12:02:26] [INFO] Failed to add tickets. Pool is full.
[2024-11-20 12:02:27] [INFO] Failed to add tickets. Pool is full.
[2024-11-20 12:02:28] [INFO] Failed to add tickets. Pool is full.
[2024-11-20 12:02:29] [INFO] Failed to add tickets. Pool is full.
[2024-11-20 12:02:30] [INFO] Failed to add tickets. Pool is full.
[2024-11-20 12:02:31] [INFO] Failed to add tickets. Pool is full.
[2024-11-20 12:02:32] [INFO] Failed to add tickets. Pool is full.
[2024-11-20 12:02:33] [INFO] Failed to add tickets. Pool is full.
[2024-11-20 12:02:34] [INFO] Failed to add tickets. Pool is full.
[2024-11-20 12:02:35] [INFO] Failed to add tickets. Pool is full.
[2024-11-20 12:02:36] [INFO] Failed to add tickets. Pool is full.
[2024-11-20 12:02:37] [INFO] Failed to add tickets. Pool is full.
[2024-11-20 12:02:38] [INFO] Failed to add tickets. Pool is full.
[2024-11-20 12:02:39] [INFO] Failed to add tickets. Pool is full.
[2024-11-20 12:02:41] [INFO] Failed to add tickets. Pool is full.
[2024-11-20 12:02:42] [INFO] Failed to add tickets. Pool is full.
[2024-11-20 12:02:43] [INFO] Failed to add tickets. Pool is full.
[2024-11-20 12:02:44] [INFO] Failed to add tickets. Pool is full.
[2024-11-20 12:02:45] [INFO] Failed to add tickets. Pool is full.
[2024-11-20 12:02:46] [INFO] Failed to add tickets. Pool is full.
[2024-11-20 12:02:47] [INFO] Failed to add tickets. Pool is full.
[2024-11-20 12:02:48] [INFO] Failed to add tickets. Pool is full.
[2024-11-20 12:02:49] [INFO] Failed to add tickets. Pool is full.
[2024-11-20 12:02:50] [INFO] Failed to add tickets. Pool is full.
[2024-11-20 12:02:51] [INFO] Failed to add tickets. Pool is full.
[2024-11-20 12:02:52] [INFO] Failed to add tickets. Pool is full.
[2024-11-20 12:02:53] [INFO] Failed to add tickets. Pool is full.
[2024-11-20 12:02:54] [INFO] Failed to add tickets. Pool is full.
[2024-11-20 12:02:55] [INFO] Failed to add tickets. Pool is full.
[2024-11-20 12:02:56] [INFO] Failed to add tickets. Pool is full.
[2024-11-20 12:02:57] [INFO] Failed to add tickets. Pool is full.
[2024-11-20 12:02:58] [INFO] Failed to add tickets. Pool is full.
[2024-11-20 12:02:59] [INFO] Failed to add tickets. Pool is full.
[2024-11-20 12:03:00] [INFO] Failed to add tickets. Pool is full.
[2024-11-20 12:03:01] [INFO] Failed to add tickets. Pool is full.
[2024-11-20 12:03:02] [INFO] Failed to add tickets. Pool is full.
[2024-11-20 12:03:03] [INFO] Failed to add tickets. Pool is full.
[2024-11-20 12:03:04] [INFO] Failed to add tickets. Pool is full.
[2024-11-20 12:03:05] [INFO] Failed to add tickets. Pool is full.
[2024-11-20 12:03:06] [INFO] Failed to add tickets. Pool is full.
[2024-11-20 12:03:07] [INFO] Failed to add tickets. Pool is full.
[2024-11-20 12:03:08] [INFO] Failed to add tickets. Pool is full.
[2024-11-20 12:03:09] [INFO] Failed to add tickets. Pool is full.
[2024-11-20 12:03:10] [INFO] Failed to add tickets. Pool is full.
[2024-11-20 12:03:11] [INFO] Failed to add tickets. Pool is full.
[2024-11-20 12:03:12] [INFO] Failed to add tickets. Pool is full.
[2024-11-20 12:03:13] [INFO] Failed to add tickets. Pool is full.
[2024-11-20 12:03:14] [INFO] Failed to add tickets. Pool is full.
[2024-11-20 12:03:15] [INFO] Failed to add tickets. Pool is full.
[2024-11-20 12:03:16] [INFO] Failed to add tickets. Pool is full.
[2024-11-20 12:03:17] [INFO] Failed to add tickets. Pool is full.
[2024-11-20 12:03:18] [INFO] Failed to add tickets. Pool is full.
[2024-11-20 12:03:19] [INFO] Failed to add tickets. Pool is full.
[2024-11-20 12:03:20] [INFO] Failed to add tickets. Pool is full.
[2024-11-20 12:03:21] [INFO] Failed to add tickets. Pool is full.
[2024-11-20 12:03:22] [INFO] Failed to add tickets. Pool is full.
[2024-11-20 12:03:23] [INFO] Failed to add tickets. Pool is full.
[2024-11-20 12:03:24] [INFO] Failed to add tickets. Pool is full.
[2024-11-20 12:03:25] [INFO] Failed to add tickets. Pool is full.
[2024-11-20 12:03:26] [INFO] Failed to add tickets. Pool is full.
[2024-11-20 12:03:27] [INFO] Failed to add tickets. Pool is full.
[2024-11-20 12:03:28] [INFO] Failed to add tickets. Pool is full.
[2024-11-20 12:03:29] [INFO] Failed to add tickets. Pool is full.
[2024-11-20 12:03:30] [INFO] Failed to add tickets. Pool is full.
[2024-11-20 12:03:31] [INFO] Failed to add tickets. Pool is full.
[2024-11-20 12:03:32] [INFO] Failed to add tickets. Pool is full.
[2024-11-20 12:03:33] [INFO] Failed to add tickets. Pool is full.
[2024-11-20 12:03:34] [INFO] Failed to add tickets. Pool is full.
[2024-11-20 12:03:35] [INFO] Failed to add tickets. Pool is full.
[2024-11-20 12:03:36] [INFO] Failed to add tickets. Pool is full.
[2024-11-20 12:03:37] [INFO] Failed to add tickets. Pool is full.
[2024-11-20 12:03:38] [INFO] Failed to add tickets. Pool is full.
[2024-11-20 12:03:39] [INFO] Failed to add tickets. Pool is full.
[2024-11-20 12:03:40] [INFO] Failed to add tickets. Pool is full.
[2024-11-20 12:03:41] [INFO] Failed to add tickets. Pool is full.
[2024-11-20 12:03:42] [INFO] Failed to add tickets. Pool is full.
[2024-11-20 12:03:43] [INFO] Failed to add tickets. Pool is full.
[2024-11-20 12:03:44] [INFO] Failed to add tickets. Pool is full.
[2024-11-20 12:03:45] [INFO] Failed to add tickets. Pool is full.
[2024-11-20 12:03:46] [INFO] Failed to add tickets. Pool is full.
[2024-11-20 12:03:47] [INFO] Failed to add tickets. Pool is full.
[2024-11-20 12:03:48] [INFO] Failed to add tickets. Pool is full.
[2024-11-20 12:03:49] [INFO] Failed to add tickets. Pool is full.
[2024-11-20 12:03:50] [INFO] Failed to add tickets. Pool is full.
[2024-11-20 12:03:51] [INFO] Failed to add tickets. Pool is full.
[2024-11-20 12:03:52] [INFO] Failed to add tickets. Pool is full.
[2024-11-20 12:03:53] [INFO] Failed to add tickets. Pool is full.
[2024-11-20 12:03:54] [INFO] Failed to add tickets. Pool is full.
[2024-11-20 12:03:55] [INFO] Failed to add tickets. Pool is full.
[2024-11-20 12:03:56] [INFO] Failed to add tickets. Pool is full.
[2024-11-20 12:03:57] [INFO] Failed to add tickets. Pool is full.
[2024-11-20 12:03:58] [INFO] Failed to add tickets. Pool is full.
[2024-11-20 12:03:59] [INFO] Failed to add tickets. Pool is full.
[2024-11-20 12:04:00] [INFO] Failed to add tickets. Pool is full.
[2024-11-20 12:04:01] [INFO] Failed to add tickets. Pool is full.
[2024-11-20 12:04:02] [INFO] Failed to add tickets. Pool is full.
[2024-11-20 12:04:03] [INFO] Failed to add tickets. Pool is full.
[2024-11-20 12:04:04] [INFO] Failed to add tickets. Pool is full.
[2024-11-20 12:04:05] [INFO] Failed to add tickets. Pool is full.
[2024-11-20 12:04:06] [INFO] Failed to add tickets. Pool is full.
[2024-11-20 12:04:07] [INFO] Failed to add tickets. Pool is full.
[2024-11-20 12:04:08] [INFO] Failed to add tickets. Pool is full.
[2024-11-20 12:04:09] [INFO] Failed to add tickets. Pool is full.
[2024-11-20 12:04:10] [INFO] Failed to add tickets. Pool is full.
[2024-11-20 12:04:11] [INFO] Failed to add tickets. Pool is full.
[2024-11-20 12:04:12] [INFO] Failed to add tickets. Pool is full.
[2024-11-20 12:04:13] [INFO] Failed to add tickets. Pool is full.
[2024-11-20 12:04:14] [INFO] Failed to add tickets. Pool is full.
[2024-11-20 12:04:16] [INFO] Failed to add tickets. Pool is full.
[2024-11-20 12:04:17] [INFO] Failed to add tickets. Pool is full.
[2024-11-20 12:04:18] [INFO] Failed to add tickets. Pool is full.
[2024-11-20 12:04:19] [INFO] Failed to add tickets. Pool is full.
[2024-11-20 12:04:20] [INFO] Failed to add tickets. Pool is full.
[2024-11-20 12:04:21] [INFO] Failed to add tickets. Pool is full.
[2024-11-20 12:04:22] [INFO] Failed to add tickets. Pool is full.
[2024-11-20 12:04:23] [INFO] Failed to add tickets. Pool is full.
[2024-11-20 12:04:24] [INFO] Failed to add tickets. Pool is full.
[2024-11-20 12:04:25] [INFO] Failed to add tickets. Pool is full.
[2024-11-20 12:04:26] [INFO] Failed to add tickets. Pool is full.
[2024-11-20 12:04:27] [INFO] Failed to add tickets. Pool is full.
[2024-11-20 12:04:28] [INFO] Failed to add tickets. Pool is full.
[2024-11-20 12:04:29] [INFO] Failed to add tickets. Pool is full.
[2024-11-20 12:04:30] [INFO] Failed to add tickets. Pool is full.
[2024-11-20 12:04:31] [INFO] Failed to add tickets. Pool is full.
[2024-11-20 12:04:32] [INFO] Failed to add tickets. Pool is full.
[2024-11-20 12:04:33] [INFO] Failed to add tickets. Pool is full.
[2024-11-20 12:04:34] [INFO] Failed to add tickets. Pool is full.
[2024-11-20 12:04:35] [INFO] Failed to add tickets. Pool is full.
[2024-11-20 12:04:36] [INFO] Failed to add tickets. Pool is full.
[2024-11-20 12:04:37] [INFO] Failed to add tickets. Pool is full.
[2024-11-20 12:04:38] [INFO] Failed to add tickets. Pool is full.
[2024-11-20 12:04:39] [INFO] Failed to add tickets. Pool is full.
[2024-11-20 12:04:40] [INFO] Failed to add tickets. Pool is full.
[2024-11-20 12:04:41] [INFO] Failed to add tickets. Pool is full.
[2024-11-20 12:04:42] [INFO] Failed to add tickets. Pool is full.
[2024-11-20 12:04:43] [INFO] Failed to add tickets. Pool is full.
[2024-11-20 12:04:44] [INFO] Failed to add tickets. Pool is full.
[2024-11-20 12:04:45] [INFO] Failed to add tickets. Pool is full.
[2024-11-20 12:04:46] [INFO] Failed to add tickets. Pool is full.
[2024-11-20 12:04:47] [INFO] Failed to add tickets. Pool is full.
[2024-11-20 12:04:48] [INFO] Failed to add tickets. Pool is full.
[2024-11-20 12:04:49] [INFO] Failed to add tickets. Pool is full.
[2024-11-20 12:04:50] [INFO] Failed to add tickets. Pool is full.
[2024-11-20 12:04:51] [INFO] Failed to add tickets. Pool is full.
[2024-11-20 12:04:52] [INFO] Failed to add tickets. Pool is full.
[2024-11-20 12:04:53] [INFO] Failed to add tickets. Pool is full.
[2024-11-20 12:04:54] [INFO] Failed to add tickets. Pool is full.
[2024-11-20 12:04:55] [INFO] Failed to add tickets. Pool is full.
[2024-11-20 12:04:56] [INFO] Failed to add tickets. Pool is full.
[2024-11-20 12:04:57] [INFO] Failed to add tickets. Pool is full.
[2024-11-20 12:04:58] [INFO] Failed to add tickets. Pool is full.
[2024-11-20 12:04:59] [INFO] Failed to add tickets. Pool is full.
[2024-11-20 12:05:00] [INFO] Failed to add tickets. Pool is full.
[2024-11-20 12:05:01] [INFO] Failed to add tickets. Pool is full.
[2024-11-20 12:05:02] [INFO] Failed to add tickets. Pool is full.
[2024-11-20 12:05:03] [INFO] Failed to add tickets. Pool is full.
[2024-11-20 12:05:04] [INFO] Failed to add tickets. Pool is full.
[2024-11-20 12:05:05] [INFO] Failed to add tickets. Pool is full.
[2024-11-20 12:05:06] [INFO] Failed to add tickets. Pool is full.
[2024-11-20 12:05:07] [INFO] Failed to add tickets. Pool is full.
[2024-11-20 12:05:08] [INFO] Failed to add tickets. Pool is full.
[2024-11-20 12:05:09] [INFO] Failed to add tickets. Pool is full.
[2024-11-20 12:05:10] [INFO] Failed to add tickets. Pool is full.
[2024-11-20 12:05:11] [INFO] Failed to add tickets. Pool is full.
[2024-11-20 12:05:12] [INFO] Failed to add tickets. Pool is full.
[2024-11-20 12:05:13] [INFO] Failed to add tickets. Pool is full.
[2024-11-20 12:05:14] [INFO] Failed to add tickets. Pool is full.
[2024-11-20 12:05:15] [INFO] Failed to add tickets. Pool is full.
[2024-11-20 12:05:16] [INFO] Failed to add tickets. Pool is full.
[2024-11-20 12:05:17] [INFO] Failed to add tickets. Pool is full.
[2024-11-20 12:05:18] [INFO] Failed to add tickets. Pool is full.
[2024-11-20 12:05:19] [INFO] Failed to add tickets. Pool is full.
[2024-11-20 12:05:20] [INFO] Failed to add tickets. Pool is full.
[2024-11-20 12:05:21] [INFO] Failed to add tickets. Pool is full.
[2024-11-20 12:05:22] [INFO] Failed to add tickets. Pool is full.
[2024-11-20 12:05:23] [INFO] Failed to add tickets. Pool is full.
[2024-11-20 12:05:24] [INFO] Failed to add tickets. Pool is full.
[2024-11-20 12:05:25] [INFO] Failed to add tickets. Pool is full.
[2024-11-20 12:05:26] [INFO] Failed to add tickets. Pool is full.
[2024-11-20 12:05:27] [INFO] Failed to add tickets. Pool is full.
[2024-11-20 12:05:28] [INFO] Failed to add tickets. Pool is full.
[2024-11-20 12:05:29] [INFO] Failed to add tickets. Pool is full.
[2024-11-20 12:05:30] [INFO] Failed to add tickets. Pool is full.
[2024-11-20 12:05:31] [INFO] Failed to add tickets. Pool is full.
[2024-11-20 12:05:32] [INFO] Failed to add tickets. Pool is full.
[2024-11-20 12:05:33] [INFO] Failed to add tickets. Pool is full.
[2024-11-20 12:05:34] [INFO] Failed to add tickets. Pool is full.
[2024-11-20 12:05:35] [INFO] Failed to add tickets. Pool is full.
[2024-11-20 12:05:36] [INFO] Failed to add tickets. Pool is full.
[2024-11-20 12:05:37] [INFO] Failed to add tickets. Pool is full.
[2024-11-20 12:05:38] [INFO] Failed to add tickets. Pool is full.
[2024-11-20 12:05:39] [INFO] Failed to add tickets. Pool is full.
[2024-11-20 12:05:40] [INFO] Failed to add tickets. Pool is full.
[2024-11-20 12:05:41] [INFO] Failed to add tickets. Pool is full.
[2024-11-20 12:05:42] [INFO] Failed to add tickets. Pool is full.
[2024-11-20 12:05:43] [INFO] Failed to add tickets. Pool is full.
[2024-11-20 12:05:44] [INFO] Failed to add tickets. Pool is full.
[2024-11-20 12:05:45] [INFO] Failed to add tickets. Pool is full.
[2024-11-20 12:05:46] [INFO] Failed to add tickets. Pool is full.
[2024-11-20 12:05:47] [INFO] Failed to add tickets. Pool is full.
[2024-11-20 12:05:48] [INFO] Failed to add tickets. Pool is full.
[2024-11-20 12:05:49] [INFO] Failed to add tickets. Pool is full.
[2024-11-20 12:05:50] [INFO] Failed to add tickets. Pool is full.
[2024-11-20 12:05:51] [INFO] Failed to add tickets. Pool is full.
[2024-11-20 12:05:52] [INFO] Failed to add tickets. Pool is full.
[2024-11-20 12:05:54] [INFO] Failed to add tickets. Pool is full.
[2024-11-20 12:05:55] [INFO] Failed to add tickets. Pool is full.
[2024-11-20 12:05:56] [INFO] Failed to add tickets. Pool is full.
[2024-11-20 12:05:57] [INFO] Failed to add tickets. Pool is full.
[2024-11-20 12:05:58] [INFO] Failed to add tickets. Pool is full.
[2024-11-20 12:05:59] [INFO] Failed to add tickets. Pool is full.
[2024-11-20 12:06:00] [INFO] Failed to add tickets. Pool is full.
[2024-11-20 12:06:01] [INFO] Failed to add tickets. Pool is full.
[2024-11-20 12:06:02] [INFO] Failed to add tickets. Pool is full.
[2024-11-20 12:06:03] [INFO] Failed to add tickets. Pool is full.
[2024-11-20 12:06:04] [INFO] Failed to add tickets. Pool is full.
[2024-11-20 12:06:05] [INFO] Failed to add tickets. Pool is full.
[2024-11-20 12:06:06] [INFO] Failed to add tickets. Pool is full.
[2024-11-20 12:06:07] [INFO] Failed to add tickets. Pool is full.
[2024-11-20 12:06:08] [INFO] Failed to add tickets. Pool is full.
[2024-11-20 12:06:09] [INFO] Failed to add tickets. Pool is full.
[2024-11-20 12:06:10] [INFO] Failed to add tickets. Pool is full.
[2024-11-20 12:06:11] [INFO] Failed to add tickets. Pool is full.
[2024-11-20 12:06:12] [INFO] Failed to add tickets. Pool is full.
[2024-11-20 12:06:13] [INFO] Failed to add tickets. Pool is full.
[2024-11-20 12:06:14] [INFO] Failed to add tickets. Pool is full.
[2024-11-20 12:06:15] [INFO] Failed to add tickets. Pool is full.
[2024-11-20 12:06:16] [INFO] Failed to add tickets. Pool is full.
[2024-11-20 12:06:17] [INFO] Failed to add tickets. Pool is full.
[2024-11-20 12:06:18] [INFO] Failed to add tickets. Pool is full.
[2024-11-20 12:06:19] [INFO] Failed to add tickets. Pool is full.
[2024-11-20 12:06:20] [INFO] Failed to add tickets. Pool is full.
[2024-11-20 12:06:21] [INFO] Failed to add tickets. Pool is full.
[2024-11-20 12:06:22] [INFO] Failed to add tickets. Pool is full.
[2024-11-20 12:06:23] [INFO] Failed to add tickets. Pool is full.
[2024-11-20 12:06:24] [INFO] Failed to add tickets. Pool is full.
[2024-11-20 12:06:25] [INFO] Failed to add tickets. Pool is full.
[2024-11-20 12:06:26] [INFO] Failed to add tickets. Pool is full.
[2024-11-20 12:06:27] [INFO] Failed to add tickets. Pool is full.
[2024-11-20 12:06:28] [INFO] Failed to add tickets. Pool is full.
[2024-11-20 12:06:29] [INFO] Failed to add tickets. Pool is full.
[2024-11-20 12:06:30] [INFO] Failed to add tickets. Pool is full.
[2024-11-20 12:06:31] [INFO] Failed to add tickets. Pool is full.
[2024-11-20 12:06:32] [INFO] Failed to add tickets. Pool is full.
[2024-11-20 12:06:33] [INFO] Failed to add tickets. Pool is full.
[2024-11-20 12:06:34] [INFO] Failed to add tickets. Pool is full.
[2024-11-20 12:06:35] [INFO] Failed to add tickets. Pool is full.
[2024-11-20 12:06:36] [INFO] Failed to add tickets. Pool is full.
[2024-11-20 12:06:37] [INFO] Failed to add tickets. Pool is full.
[2024-11-20 12:06:38] [INFO] Failed to add tickets. Pool is full.
[2024-11-20 12:06:39] [INFO] Failed to add tickets. Pool is full.
[2024-11-20 12:06:40] [INFO] Failed to add tickets. Pool is full.
[2024-11-20 12:06:41] [INFO] Failed to add tickets. Pool is full.
[2024-11-20 12:06:42] [INFO] Failed to add tickets. Pool is full.
[2024-11-20 12:06:43] [INFO] Failed to add tickets. Pool is full.
[2024-11-20 12:06:44] [INFO] Failed to add tickets. Pool is full.
[2024-11-20 12:06:45] [INFO] Failed to add tickets. Pool is full.
[2024-11-20 12:06:46] [INFO] Failed to add tickets. Pool is full.
[2024-11-20 12:06:47] [INFO] Failed to add tickets. Pool is full.
[2024-11-20 12:06:48] [INFO] Failed to add tickets. Pool is full.
[2024-11-20 12:06:49] [INFO] Failed to add tickets. Pool is full.
[2024-11-20 12:06:50] [INFO] Failed to add tickets. Pool is full.
[2024-11-20 12:06:51] [INFO] Failed to add tickets. Pool is full.
[2024-11-20 12:06:52] [INFO] Failed to add tickets. Pool is full.
[2024-11-20 12:06:53] [INFO] Failed to add tickets. Pool is full.
[2024-11-20 12:06:54] [INFO] Failed to add tickets. Pool is full.
[2024-11-20 12:06:55] [INFO] Failed to add tickets. Pool is full.
[2024-11-20 12:06:56] [INFO] Failed to add tickets. Pool is full.
[2024-11-20 12:06:57] [INFO] Failed to add tickets. Pool is full.
[2024-11-20 12:06:58] [INFO] Failed to add tickets. Pool is full.
[2024-11-20 12:06:59] [INFO] Failed to add tickets. Pool is full.
[2024-11-20 12:07:00] [INFO] Failed to add tickets. Pool is full.
[2024-11-20 12:07:01] [INFO] Failed to add tickets. Pool is full.
[2024-11-20 12:07:02] [INFO] Failed to add tickets. Pool is full.
[2024-11-20 12:07:03] [INFO] Failed to add tickets. Pool is full.
[2024-11-20 12:07:04] [INFO] Failed to add tickets. Pool is full.
[2024-11-20 12:07:05] [INFO] Failed to add tickets. Pool is full.
[2024-11-20 12:07:06] [INFO] Failed to add tickets. Pool is full.
[2024-11-20 12:07:07] [INFO] Failed to add tickets. Pool is full.
[2024-11-20 12:07:08] [INFO] Failed to add tickets. Pool is full.
[2024-11-20 12:07:09] [INFO] Failed to add tickets. Pool is full.
[2024-11-20 12:07:10] [INFO] Failed to add tickets. Pool is full.
[2024-11-20 12:07:11] [INFO] Failed to add tickets. Pool is full.
[2024-11-20 12:07:12] [INFO] Failed to add tickets. Pool is full.
[2024-11-20 12:07:13] [INFO] Failed to add tickets. Pool is full.
[2024-11-20 12:07:14] [INFO] Failed to add tickets. Pool is full.
[2024-11-20 12:07:15] [INFO] Failed to add tickets. Pool is full.
[2024-11-20 12:07:16] [INFO] Failed to add tickets. Pool is full.
[2024-11-20 12:07:17] [INFO] Failed to add tickets. Pool is full.
[2024-11-20 12:07:18] [INFO] Failed to add tickets. Pool is full.
[2024-11-20 12:07:19] [INFO] Failed to add tickets. Pool is full.
[2024-11-20 12:07:20] [INFO] Failed to add tickets. Pool is full.
[2024-11-20 12:07:21] [INFO] Failed to add tickets. Pool is full.
[2024-11-20 12:07:22] [INFO] Failed to add tickets. Pool is full.
[2024-11-20 12:07:23] [INFO] Failed to add tickets. Pool is full.
[2024-11-20 12:07:24] [INFO] Failed to add tickets. Pool is full.
[2024-11-20 12:07:25] [INFO] Failed to add tickets. Pool is full.
[2024-11-20 12:07:26] [INFO] Failed to add tickets. Pool is full.
[2024-11-20 12:07:27] [INFO] Failed to add tickets. Pool is full.
[2024-11-20 12:07:28] [INFO] Failed to add tickets. Pool is full.
[2024-11-20 12:07:29] [INFO] Failed to add tickets. Pool is full.
[2024-11-20 12:07:30] [INFO] Failed to add tickets. Pool is full.
[2024-11-20 12:07:31] [INFO] Failed to add tickets. Pool is full.
[2024-11-20 12:07:32] [INFO] Failed to add tickets. Pool is full.
[2024-11-20 12:07:33] [INFO] Failed to add tickets. Pool is full.
[2024-11-20 12:07:35] [INFO] Failed to add tickets. Pool is full.
[2024-11-20 12:07:36] [INFO] Failed to add tickets. Pool is full.
[2024-11-20 12:07:37] [INFO] Failed to add tickets. Pool is full.
[2024-11-20 12:07:38] [INFO] Failed to add tickets. Pool is full.
[2024-11-20 12:07:39] [INFO] Failed to add tickets. Pool is full.
[2024-11-20 12:07:40] [INFO] Failed to add tickets. Pool is full.
[2024-11-20 12:07:41] [INFO] Failed to add tickets. Pool is full.
[2024-11-20 12:07:42] [INFO] Failed to add tickets. Pool is full.
[2024-11-20 12:07:43] [INFO] Failed to add tickets. Pool is full.
[2024-11-20 12:07:44] [INFO] Failed to add tickets. Pool is full.
[2024-11-20 12:07:45] [INFO] Failed to add tickets. Pool is full.
[2024-11-20 12:07:46] [INFO] Failed to add tickets. Pool is full.
[2024-11-20 12:07:47] [INFO] Failed to add tickets. Pool is full.
[2024-11-20 12:07:48] [INFO] Failed to add tickets. Pool is full.
[2024-11-20 12:07:49] [INFO] Failed to add tickets. Pool is full.
[2024-11-20 12:07:50] [INFO] Failed to add tickets. Pool is full.
[2024-11-20 12:07:51] [INFO] Failed to add tickets. Pool is full.
[2024-11-20 12:07:52] [INFO] Failed to add tickets. Pool is full.
[2024-11-20 12:07:53] [INFO] Failed to add tickets. Pool is full.
[2024-11-20 12:07:54] [INFO] Failed to add tickets. Pool is full.
[2024-11-20 12:07:55] [INFO] Failed to add tickets. Pool is full.
[2024-11-20 12:07:56] [INFO] Failed to add tickets. Pool is full.
[2024-11-20 12:07:57] [INFO] Failed to add tickets. Pool is full.
[2024-11-20 12:07:58] [INFO] Failed to add tickets. Pool is full.
[2024-11-20 12:07:59] [INFO] Failed to add tickets. Pool is full.
[2024-11-20 12:08:00] [INFO] Failed to add tickets. Pool is full.
[2024-11-20 12:08:01] [INFO] Failed to add tickets. Pool is full.
[2024-11-20 12:08:02] [INFO] Failed to add tickets. Pool is full.
[2024-11-20 12:08:03] [INFO] Failed to add tickets. Pool is full.
[2024-11-20 12:08:04] [INFO] Failed to add tickets. Pool is full.
[2024-11-20 12:08:05] [INFO] Failed to add tickets. Pool is full.
[2024-11-20 12:08:06] [INFO] Failed to add tickets. Pool is full.
[2024-11-20 12:08:07] [INFO] Failed to add tickets. Pool is full.
[2024-11-20 12:08:08] [INFO] Failed to add tickets. Pool is full.
[2024-11-20 12:08:09] [INFO] Failed to add tickets. Pool is full.
[2024-11-20 12:08:10] [INFO] Failed to add tickets. Pool is full.
[2024-11-20 12:08:11] [INFO] Failed to add tickets. Pool is full.
[2024-11-20 12:08:12] [INFO] Failed to add tickets. Pool is full.
[2024-11-20 12:08:13] [INFO] Failed to add tickets. Pool is full.
[2024-11-20 12:08:14] [INFO] Failed to add tickets. Pool is full.
[2024-11-20 12:08:15] [INFO] Failed to add tickets. Pool is full.
[2024-11-20 12:08:16] [INFO] Failed to add tickets. Pool is full.
[2024-11-20 12:08:17] [INFO] Failed to add tickets. Pool is full.
[2024-11-20 12:08:18] [INFO] Failed to add tickets. Pool is full.
[2024-11-20 12:08:19] [INFO] Failed to add tickets. Pool is full.
[2024-11-20 12:08:20] [INFO] Failed to add tickets. Pool is full.
[2024-11-20 12:08:21] [INFO] Failed to add tickets. Pool is full.
[2024-11-20 12:08:22] [INFO] Failed to add tickets. Pool is full.
[2024-11-20 12:08:23] [INFO] Failed to add tickets. Pool is full.
[2024-11-20 12:08:24] [INFO] Failed to add tickets. Pool is full.
[2024-11-20 12:08:25] [INFO] Failed to add tickets. Pool is full.
[2024-11-20 12:08:26] [INFO] Failed to add tickets. Pool is full.
[2024-11-20 12:08:27] [INFO] Failed to add tickets. Pool is full.
[2024-11-20 12:08:28] [INFO] Failed to add tickets. Pool is full.
[2024-11-20 12:08:29] [INFO] Failed to add tickets. Pool is full.
[2024-11-20 12:08:30] [INFO] Failed to add tickets. Pool is full.
[2024-11-20 12:08:31] [INFO] Failed to add tickets. Pool is full.
[2024-11-20 12:08:32] [INFO] Failed to add tickets. Pool is full.
[2024-11-20 12:08:33] [INFO] Failed to add tickets. Pool is full.
[2024-11-20 12:08:34] [INFO] Failed to add tickets. Pool is full.
[2024-11-20 12:08:35] [INFO] Failed to add tickets. Pool is full.
[2024-11-20 12:08:36] [INFO] Failed to add tickets. Pool is full.
[2024-11-20 12:08:37] [INFO] Failed to add tickets. Pool is full.
[2024-11-20 12:08:38] [INFO] Failed to add tickets. Pool is full.
[2024-11-20 12:08:39] [INFO] Failed to add tickets. Pool is full.
[2024-11-20 12:08:40] [INFO] Failed to add tickets. Pool is full.
[2024-11-20 12:08:41] [INFO] Failed to add tickets. Pool is full.
[2024-11-20 12:08:42] [INFO] Failed to add tickets. Pool is full.
[2024-11-20 12:08:43] [INFO] Failed to add tickets. Pool is full.
[2024-11-20 12:08:44] [INFO] Failed to add tickets. Pool is full.
[2024-11-20 12:08:45] [INFO] Failed to add tickets. Pool is full.
[2024-11-20 12:08:46] [INFO] Failed to add tickets. Pool is full.
[2024-11-20 12:08:47] [INFO] Failed to add tickets. Pool is full.
[2024-11-20 12:08:48] [INFO] Failed to add tickets. Pool is full.
[2024-11-20 12:08:49] [INFO] Failed to add tickets. Pool is full.
[2024-11-20 12:08:50] [INFO] Failed to add tickets. Pool is full.
[2024-11-20 12:08:51] [INFO] Failed to add tickets. Pool is full.
[2024-11-20 12:08:52] [INFO] Failed to add tickets. Pool is full.
[2024-11-20 12:08:53] [INFO] Failed to add tickets. Pool is full.
[2024-11-20 12:08:54] [INFO] Failed to add tickets. Pool is full.
[2024-11-20 12:08:55] [INFO] Failed to add tickets. Pool is full.
[2024-11-20 12:08:56] [INFO] Failed to add tickets. Pool is full.
[2024-11-20 12:08:57] [INFO] Failed to add tickets. Pool is full.
[2024-11-20 12:08:58] [INFO] Failed to add tickets. Pool is full.
[2024-11-20 12:08:59] [INFO] Failed to add tickets. Pool is full.
[2024-11-20 12:09:00] [INFO] Failed to add tickets. Pool is full.
[2024-11-20 12:09:01] [INFO] Failed to add tickets. Pool is full.
[2024-11-20 12:09:02] [INFO] Failed to add tickets. Pool is full.
[2024-11-20 12:09:03] [INFO] Failed to add tickets. Pool is full.
[2024-11-20 12:09:04] [INFO] Failed to add tickets. Pool is full.
[2024-11-20 12:09:05] [INFO] Failed to add tickets. Pool is full.
[2024-11-20 12:09:06] [INFO] Failed to add tickets. Pool is full.
[2024-11-20 12:09:07] [INFO] Failed to add tickets. Pool is full.
[2024-11-20 12:09:08] [INFO] Failed to add tickets. Pool is full.
[2024-11-20 12:09:09] [INFO] Failed to add tickets. Pool is full.
[2024-11-20 12:09:10] [INFO] Failed to add tickets. Pool is full.
[2024-11-20 12:09:11] [INFO] Failed to add tickets. Pool is full.
[2024-11-20 12:09:12] [INFO] Failed to add tickets. Pool is full.
[2024-11-20 12:09:13] [INFO] Failed to add tickets. Pool is full.
[2024-11-20 12:09:14] [INFO] Failed to add tickets. Pool is full.
[2024-11-20 12:09:15] [INFO] Failed to add tickets. Pool is full.
[2024-11-20 12:09:16] [INFO] Failed to add tickets. Pool is full.
[2024-11-20 12:09:17] [INFO] Failed to add tickets. Pool is full.
[2024-11-20 12:09:18] [INFO] Failed to add tickets. Pool is full.
[2024-11-20 12:09:19] [INFO] Failed to add tickets. Pool is full.
[2024-11-20 12:09:20] [INFO] Failed to add tickets. Pool is full.
[2024-11-20 12:09:22] [INFO] Failed to add tickets. Pool is full.
[2024-11-20 12:09:23] [INFO] Failed to add tickets. Pool is full.
[2024-11-20 12:09:24] [INFO] Failed to add tickets. Pool is full.
[2024-11-20 12:09:25] [INFO] Failed to add tickets. Pool is full.
[2024-11-20 12:09:26] [INFO] Failed to add tickets. Pool is full.
[2024-11-20 12:09:27] [INFO] Failed to add tickets. Pool is full.
[2024-11-20 12:09:28] [INFO] Failed to add tickets. Pool is full.
[2024-11-20 12:09:29] [INFO] Failed to add tickets. Pool is full.
[2024-11-20 12:09:30] [INFO] Failed to add tickets. Pool is full.
[2024-11-20 12:09:31] [INFO] Failed to add tickets. Pool is full.
[2024-11-20 12:09:32] [INFO] Failed to add tickets. Pool is full.
[2024-11-20 12:09:33] [INFO] Failed to add tickets. Pool is full.
[2024-11-20 12:09:34] [INFO] Failed to add tickets. Pool is full.
[2024-11-20 12:09:35] [INFO] Failed to add tickets. Pool is full.
[2024-11-20 12:09:36] [INFO] Failed to add tickets. Pool is full.
[2024-11-20 12:09:37] [INFO] Failed to add tickets. Pool is full.
[2024-11-20 12:09:38] [INFO] Failed to add tickets. Pool is full.
[2024-11-20 12:09:39] [INFO] Failed to add tickets. Pool is full.
[2024-11-20 12:09:40] [INFO] Failed to add tickets. Pool is full.
[2024-11-20 12:09:41] [INFO] Failed to add tickets. Pool is full.
[2024-11-20 12:09:42] [INFO] Failed to add tickets. Pool is full.
[2024-11-20 12:09:43] [INFO] Failed to add tickets. Pool is full.
[2024-11-20 12:09:44] [INFO] Failed to add tickets. Pool is full.
[2024-11-20 12:09:45] [INFO] Failed to add tickets. Pool is full.
[2024-11-20 12:09:46] [INFO] Failed to add tickets. Pool is full.
[2024-11-20 12:09:47] [INFO] Failed to add tickets. Pool is full.
[2024-11-20 12:09:48] [INFO] Failed to add tickets. Pool is full.
[2024-11-20 12:09:49] [INFO] Failed to add tickets. Pool is full.
[2024-11-20 12:09:50] [INFO] Failed to add tickets. Pool is full.
[2024-11-20 12:09:51] [INFO] Failed to add tickets. Pool is full.
[2024-11-20 12:09:52] [INFO] Failed to add tickets. Pool is full.
[2024-11-20 12:09:53] [INFO] Failed to add tickets. Pool is full.
[2024-11-20 12:09:54] [INFO] Failed to add tickets. Pool is full.
[2024-11-20 12:09:55] [INFO] Failed to add tickets. Pool is full.
[2024-11-20 12:09:56] [INFO] Failed to add tickets. Pool is full.
[2024-11-20 12:09:57] [INFO] Failed to add tickets. Pool is full.
[2024-11-20 12:09:58] [INFO] Failed to add tickets. Pool is full.
[2024-11-20 12:09:59] [INFO] Failed to add tickets. Pool is full.
[2024-11-20 12:10:00] [INFO] Failed to add tickets. Pool is full.
[2024-11-20 12:10:01] [INFO] Failed to add tickets. Pool is full.
[2024-11-20 12:14:05] [INFO] Vendor added a ticket. Current pool size: 2
[2024-11-20 12:14:05] [INFO] Vendor added a ticket. Current pool size: 1
[2024-11-20 12:14:05] [INFO] Customer waiting for tickets.
[2024-11-20 12:14:05] [INFO] Customer bought a ticket. Current pool size: 0
[2024-11-20 12:14:05] [INFO] Customer waiting for tickets.
[2024-11-20 12:14:05] [INFO] Customer bought a ticket. Current pool size: 0
[2024-11-20 12:14:05] [INFO] Customer waiting for tickets.
[2024-11-20 12:14:05] [INFO] Vendor added a ticket. Current pool size: 2
[2024-11-20 12:14:05] [INFO] Vendor added a ticket. Current pool size: 2
[2024-11-20 12:14:05] [INFO] Vendor added a ticket. Current pool size: 4
[2024-11-20 12:14:05] [INFO] Vendor added a ticket. Current pool size: 4
[2024-11-20 12:14:06] [INFO] Customer bought a ticket. Current pool size: 3
[2024-11-20 12:14:06] [INFO] Customer bought a ticket. Current pool size: 2
[2024-11-20 12:14:06] [INFO] Customer bought a ticket. Current pool size: 0
[2024-11-20 12:14:06] [INFO] Customer bought a ticket. Current pool size: 1
[2024-11-20 12:14:06] [INFO] Customer waiting for tickets.
[2024-11-20 12:14:06] [INFO] Vendor added a ticket. Current pool size: 1
[2024-11-20 12:14:06] [INFO] Vendor added a ticket. Current pool size: 2
[2024-11-20 12:14:06] [INFO] Vendor added a ticket. Current pool size: 3
[2024-11-20 12:14:06] [INFO] Vendor added a ticket. Current pool size: 4
[2024-11-20 12:14:06] [INFO] Customer bought a ticket. Current pool size: 3
[2024-11-20 12:14:06] [INFO] Customer waiting for tickets.
[2024-11-20 12:14:06] [INFO] Customer bought a ticket. Current pool size: 2
[2024-11-20 12:14:06] [INFO] Customer bought a ticket. Current pool size: 0
[2024-11-20 12:14:06] [INFO] Customer bought a ticket. Current pool size: 1
[2024-11-20 12:14:06] [INFO] Vendor added a ticket. Current pool size: 1
[2024-11-20 12:14:06] [INFO] Vendor added a ticket. Current pool size: 2
[2024-11-20 12:14:06] [INFO] Vendor added a ticket. Current pool size: 3
[2024-11-20 12:14:06] [INFO] Vendor added a ticket. Current pool size: 4
[2024-11-20 12:14:06] [INFO] Customer bought a ticket. Current pool size: 3
[2024-11-20 12:14:06] [INFO] Customer bought a ticket. Current pool size: 2
[2024-11-20 12:14:06] [INFO] Customer bought a ticket. Current pool size: 0
[2024-11-20 12:14:06] [INFO] Customer bought a ticket. Current pool size: 1
[2024-11-20 12:14:06] [INFO] Vendor added a ticket. Current pool size: 2
[2024-11-20 12:14:06] [INFO] Vendor added a ticket. Current pool size: 2
[2024-11-20 12:14:06] [INFO] Customer bought a ticket. Current pool size: 1
[2024-11-20 12:14:06] [INFO] Vendor added a ticket. Current pool size: 2
[2024-11-20 12:14:06] [INFO] Vendor added a ticket. Current pool size: 3
[2024-11-20 12:14:06] [INFO] Customer bought a ticket. Current pool size: 2
[2024-11-20 12:14:06] [INFO] Customer bought a ticket. Current pool size: 1
[2024-11-20 12:14:06] [INFO] Customer waiting for tickets.
[2024-11-20 12:14:06] [INFO] Customer bought a ticket. Current pool size: 0
[2024-11-20 12:14:06] [INFO] Customer waiting for tickets.
[2024-11-20 12:14:06] [INFO] Vendor added a ticket. Current pool size: 1
[2024-11-20 12:14:06] [INFO] Vendor added a ticket. Current pool size: 2
[2024-11-20 12:14:06] [INFO] Vendor added a ticket. Current pool size: 4
[2024-11-20 12:14:06] [INFO] Vendor added a ticket. Current pool size: 3
[2024-11-20 12:14:06] [INFO] Customer bought a ticket. Current pool size: 3
[2024-11-20 12:14:06] [INFO] Customer bought a ticket. Current pool size: 0
[2024-11-20 12:14:06] [INFO] Customer bought a ticket. Current pool size: 2
[2024-11-20 12:14:06] [INFO] Customer bought a ticket. Current pool size: 0
[2024-11-20 12:14:06] [INFO] Customer waiting for tickets.
[2024-11-20 12:14:06] [INFO] Vendor added a ticket. Current pool size: 2
[2024-11-20 12:14:06] [INFO] Vendor added a ticket. Current pool size: 1
[2024-11-20 12:14:07] [INFO] Vendor added a ticket. Current pool size: 4
[2024-11-20 12:14:07] [INFO] Vendor added a ticket. Current pool size: 4
[2024-11-20 12:14:07] [INFO] Customer bought a ticket. Current pool size: 3
[2024-11-20 12:14:07] [INFO] Customer bought a ticket. Current pool size: 2
[2024-11-20 12:14:07] [INFO] Customer bought a ticket. Current pool size: 1
[2024-11-20 12:14:07] [INFO] Customer bought a ticket. Current pool size: 0
[2024-11-20 12:14:07] [INFO] Customer waiting for tickets.
[2024-11-20 12:14:07] [INFO] Vendor added a ticket. Current pool size: 2
[2024-11-20 12:14:07] [INFO] Vendor added a ticket. Current pool size: 1
[2024-11-20 12:14:07] [INFO] Vendor added a ticket. Current pool size: 4
[2024-11-20 12:14:07] [INFO] Vendor added a ticket. Current pool size: 4
[2024-11-20 12:14:07] [INFO] Customer bought a ticket. Current pool size: 3
[2024-11-20 12:14:07] [INFO] Customer bought a ticket. Current pool size: 0
[2024-11-20 12:14:07] [INFO] Customer bought a ticket. Current pool size: 1
[2024-11-20 12:14:07] [INFO] Customer bought a ticket. Current pool size: 1
[2024-11-20 12:14:07] [INFO] Customer waiting for tickets.
[2024-11-20 12:14:07] [INFO] Vendor added a ticket. Current pool size: 2
[2024-11-20 12:14:07] [INFO] Vendor added a ticket. Current pool size: 2
[2024-11-20 12:14:07] [INFO] Vendor added a ticket. Current pool size: 3
[2024-11-20 12:14:07] [INFO] Vendor added a ticket. Current pool size: 2
[2024-11-20 12:14:07] [INFO] Customer bought a ticket. Current pool size: 1
[2024-11-20 12:14:07] [INFO] Customer bought a ticket. Current pool size: 0
[2024-11-20 12:14:07] [INFO] Customer bought a ticket. Current pool size: 1
[2024-11-20 12:14:07] [INFO] Customer bought a ticket. Current pool size: 1
[2024-11-20 12:14:07] [INFO] Customer waiting for tickets.
[2024-11-20 12:14:07] [INFO] Vendor added a ticket. Current pool size: 1
[2024-11-20 12:14:07] [INFO] Vendor added a ticket. Current pool size: 2
[2024-11-20 12:14:07] [INFO] Customer bought a ticket. Current pool size: 1
[2024-11-20 12:14:07] [INFO] Vendor added a ticket. Current pool size: 2
[2024-11-20 12:14:07] [INFO] Customer waiting for tickets.
[2024-11-20 12:14:07] [INFO] Customer bought a ticket. Current pool size: 1
[2024-11-20 12:14:07] [INFO] Vendor added a ticket. Current pool size: 1
[2024-11-20 12:14:07] [INFO] Customer bought a ticket. Current pool size: 0
[2024-11-20 12:14:07] [INFO] Customer bought a ticket. Current pool size: 0
[2024-11-20 12:14:07] [INFO] Vendor added a ticket. Current pool size: 2
[2024-11-20 12:14:07] [INFO] Vendor added a ticket. Current pool size: 1
[2024-11-20 12:14:07] [INFO] Customer bought a ticket. Current pool size: 1
[2024-11-20 12:14:07] [INFO] Customer bought a ticket. Current pool size: 0
[2024-11-20 12:14:07] [INFO] Customer waiting for tickets.
[2024-11-20 12:14:07] [INFO] Customer waiting for tickets.
[2024-11-20 12:14:07] [INFO] Vendor added a ticket. Current pool size: 2
[2024-11-20 12:14:07] [INFO] Customer waiting for tickets.
[2024-11-20 12:14:07] [INFO] Vendor added a ticket. Current pool size: 1
[2024-11-20 12:14:08] [INFO] Vendor added a ticket. Current pool size: 4
[2024-11-20 12:14:08] [INFO] Vendor added a ticket. Current pool size: 3
[2024-11-20 12:14:08] [INFO] Customer bought a ticket. Current pool size: 3
[2024-11-20 12:14:08] [INFO] Customer bought a ticket. Current pool size: 1
[2024-11-20 12:14:08] [INFO] Customer bought a ticket. Current pool size: 1
[2024-11-20 12:14:08] [INFO] Customer bought a ticket. Current pool size: 0
[2024-11-20 12:14:08] [INFO] Customer waiting for tickets.
[2024-11-20 12:14:08] [INFO] Vendor added a ticket. Current pool size: 2
[2024-11-20 12:14:08] [INFO] Vendor added a ticket. Current pool size: 1
[2024-11-20 12:14:08] [INFO] Vendor added a ticket. Current pool size: 4
[2024-11-20 12:14:08] [INFO] Vendor added a ticket. Current pool size: 4
[2024-11-20 12:14:08] [INFO] Customer bought a ticket. Current pool size: 3
[2024-11-20 12:14:08] [INFO] Customer bought a ticket. Current pool size: 1
[2024-11-20 12:14:08] [INFO] Customer bought a ticket. Current pool size: 1
[2024-11-20 12:14:08] [INFO] Customer bought a ticket. Current pool size: 0
[2024-11-20 12:14:08] [INFO] Customer waiting for tickets.
[2024-11-20 12:14:08] [INFO] Vendor added a ticket. Current pool size: 2
[2024-11-20 12:14:08] [INFO] Vendor added a ticket. Current pool size: 2
[2024-11-20 12:14:08] [INFO] Vendor added a ticket. Current pool size: 3
[2024-11-20 12:14:08] [INFO] Vendor added a ticket. Current pool size: 4
[2024-11-20 12:14:08] [INFO] Customer bought a ticket. Current pool size: 3
[2024-11-20 12:14:08] [INFO] Customer bought a ticket. Current pool size: 0
[2024-11-20 12:14:08] [INFO] Customer bought a ticket. Current pool size: 2
[2024-11-20 12:14:08] [INFO] Customer bought a ticket. Current pool size: 1
[2024-11-20 12:14:08] [INFO] Customer waiting for tickets.
[2024-11-20 12:14:08] [INFO] Vendor added a ticket. Current pool size: 2
[2024-11-20 12:14:08] [INFO] Vendor added a ticket. Current pool size: 2
[2024-11-20 12:14:08] [INFO] Vendor added a ticket. Current pool size: 4
[2024-11-20 12:14:08] [INFO] Vendor added a ticket. Current pool size: 3
[2024-11-20 12:14:08] [INFO] Customer bought a ticket. Current pool size: 3
[2024-11-20 12:14:08] [INFO] Customer bought a ticket. Current pool size: 0
[2024-11-20 12:14:08] [INFO] Customer bought a ticket. Current pool size: 2
[2024-11-20 12:14:08] [INFO] Customer bought a ticket. Current pool size: 1
[2024-11-20 12:14:08] [INFO] Customer waiting for tickets.
[2024-11-20 12:14:08] [INFO] Vendor added a ticket. Current pool size: 2
[2024-11-20 12:14:08] [INFO] Vendor added a ticket. Current pool size: 2
[2024-11-20 12:14:08] [INFO] Vendor added a ticket. Current pool size: 4
[2024-11-20 12:14:08] [INFO] Vendor added a ticket. Current pool size: 4
[2024-11-20 12:14:08] [INFO] Customer bought a ticket. Current pool size: 3
[2024-11-20 12:14:08] [INFO] Customer bought a ticket. Current pool size: 2
[2024-11-20 12:14:08] [INFO] Customer bought a ticket. Current pool size: 1
[2024-11-20 12:14:08] [INFO] Customer bought a ticket. Current pool size: 0
[2024-11-20 12:14:08] [INFO] Customer waiting for tickets.
[2024-11-20 12:14:09] [INFO] Vendor added a ticket. Current pool size: 2
[2024-11-20 12:14:09] [INFO] Vendor added a ticket. Current pool size: 1
[2024-11-20 12:14:09] [INFO] Vendor added a ticket. Current pool size: 3
[2024-11-20 12:14:09] [INFO] Vendor added a ticket. Current pool size: 4
[2024-11-20 12:14:09] [INFO] Customer bought a ticket. Current pool size: 3
[2024-11-20 12:14:09] [INFO] Customer bought a ticket. Current pool size: 2
[2024-11-20 12:14:09] [INFO] Customer bought a ticket. Current pool size: 0
[2024-11-20 12:14:09] [INFO] Customer bought a ticket. Current pool size: 1
[2024-11-20 12:14:09] [INFO] Customer waiting for tickets.
[2024-11-20 12:14:09] [INFO] Vendor added a ticket. Current pool size: 2
[2024-11-20 12:14:09] [INFO] Vendor added a ticket. Current pool size: 2
[2024-11-20 12:14:09] [INFO] Customer bought a ticket. Current pool size: 1
[2024-11-20 12:14:09] [INFO] Vendor added a ticket. Current pool size: 3
[2024-11-20 12:14:09] [INFO] Vendor added a ticket. Current pool size: 3
[2024-11-20 12:14:09] [INFO] Customer bought a ticket. Current pool size: 1
[2024-11-20 12:14:09] [INFO] Customer bought a ticket. Current pool size: 2
[2024-11-20 12:14:09] [INFO] Customer bought a ticket. Current pool size: 0
[2024-11-20 12:14:09] [INFO] Customer waiting for tickets.
[2024-11-20 12:14:09] [INFO] Vendor added a ticket. Current pool size: 1
[2024-11-20 12:14:09] [INFO] Vendor added a ticket. Current pool size: 2
[2024-11-20 12:14:09] [INFO] Customer bought a ticket. Current pool size: 1
[2024-11-20 12:14:09] [INFO] Customer bought a ticket. Current pool size: 0
[2024-11-20 12:14:09] [INFO] Customer waiting for tickets.
[2024-11-20 12:14:09] [INFO] Customer waiting for tickets.
[2024-11-20 12:14:09] [INFO] Vendor added a ticket. Current pool size: 2
[2024-11-20 12:14:09] [INFO] Vendor added a ticket. Current pool size: 2
[2024-11-20 12:14:09] [INFO] Customer bought a ticket. Current pool size: 1
[2024-11-20 12:14:09] [INFO] Vendor added a ticket. Current pool size: 3
[2024-11-20 12:14:09] [INFO] Vendor added a ticket. Current pool size: 2
[2024-11-20 12:14:09] [INFO] Customer bought a ticket. Current pool size: 2
[2024-11-20 12:14:09] [INFO] Customer waiting for tickets.
[2024-11-20 12:14:09] [INFO] Customer bought a ticket. Current pool size: 0
[2024-11-20 12:14:09] [INFO] Customer bought a ticket. Current pool size: 1
[2024-11-20 12:14:09] [INFO] Vendor added a ticket. Current pool size: 1
[2024-11-20 12:14:09] [INFO] Vendor added a ticket. Current pool size: 2
[2024-11-20 12:14:09] [INFO] Customer bought a ticket. Current pool size: 1
[2024-11-20 12:14:09] [INFO] Vendor added a ticket. Current pool size: 3
[2024-11-20 12:14:09] [INFO] Vendor added a ticket. Current pool size: 2
[2024-11-20 12:14:09] [INFO] Customer bought a ticket. Current pool size: 2
[2024-11-20 12:14:09] [INFO] Customer bought a ticket. Current pool size: 1
[2024-11-20 12:14:09] [INFO] Customer bought a ticket. Current pool size: 0
[2024-11-20 12:14:09] [INFO] Customer waiting for tickets.
[2024-11-20 12:14:10] [INFO] Vendor added a ticket. Current pool size: 1
[2024-11-20 12:14:10] [INFO] Customer bought a ticket. Current pool size: 1
[2024-11-20 12:14:10] [INFO] Vendor added a ticket. Current pool size: 2
[2024-11-20 12:14:10] [INFO] Vendor added a ticket. Current pool size: 2
[2024-11-20 12:14:10] [INFO] Vendor added a ticket. Current pool size: 3
[2024-11-20 12:14:10] [INFO] Customer bought a ticket. Current pool size: 2
[2024-11-20 12:14:10] [INFO] Customer bought a ticket. Current pool size: 1
[2024-11-20 12:14:10] [INFO] Customer bought a ticket. Current pool size: 0
[2024-11-20 12:14:10] [INFO] Customer waiting for tickets.
[2024-11-20 12:14:10] [INFO] Vendor added a ticket. Current pool size: 1
[2024-11-20 12:14:10] [INFO] Vendor added a ticket. Current pool size: 1
[2024-11-20 12:14:10] [INFO] Customer bought a ticket. Current pool size: 0
[2024-11-20 12:14:10] [INFO] Vendor added a ticket. Current pool size: 3
[2024-11-20 12:14:10] [INFO] Vendor added a ticket. Current pool size: 3
[2024-11-20 12:14:10] [INFO] Customer bought a ticket. Current pool size: 2
[2024-11-20 12:14:10] [INFO] Customer bought a ticket. Current pool size: 0
[2024-11-20 12:14:10] [INFO] Customer waiting for tickets.
[2024-11-20 12:14:10] [INFO] Customer bought a ticket. Current pool size: 0
[2024-11-20 12:14:10] [INFO] Vendor added a ticket. Current pool size: 1
[2024-11-20 12:14:10] [INFO] Customer bought a ticket. Current pool size: 1
[2024-11-20 12:14:10] [INFO] Vendor added a ticket. Current pool size: 2
[2024-11-20 12:14:10] [INFO] Vendor added a ticket. Current pool size: 3
[2024-11-20 12:14:10] [INFO] Vendor added a ticket. Current pool size: 2
[2024-11-20 12:14:10] [INFO] Customer bought a ticket. Current pool size: 2
[2024-11-20 12:14:10] [INFO] Customer waiting for tickets.
[2024-11-20 12:14:10] [INFO] Customer bought a ticket. Current pool size: 0
[2024-11-20 12:14:10] [INFO] Customer bought a ticket. Current pool size: 1
[2024-11-20 12:14:10] [INFO] Customer waiting for tickets.
[2024-11-20 12:14:10] [INFO] Vendor added a ticket. Current pool size: 2
[2024-11-20 12:14:10] [INFO] Vendor added a ticket. Current pool size: 2
[2024-11-20 12:14:10] [INFO] Vendor added a ticket. Current pool size: 3
[2024-11-20 12:14:10] [INFO] Vendor added a ticket. Current pool size: 4
[2024-11-20 12:14:10] [INFO] Customer bought a ticket. Current pool size: 3
[2024-11-20 12:14:10] [INFO] Customer bought a ticket. Current pool size: 2
[2024-11-20 12:14:10] [INFO] Customer bought a ticket. Current pool size: 0
[2024-11-20 12:14:10] [INFO] Customer bought a ticket. Current pool size: 1
[2024-11-20 12:14:10] [INFO] Customer waiting for tickets.
[2024-11-20 12:14:10] [INFO] Vendor added a ticket. Current pool size: 1
[2024-11-20 12:14:10] [INFO] Vendor added a ticket. Current pool size: 2
[2024-11-20 12:14:10] [INFO] Vendor added a ticket. Current pool size: 4
[2024-11-20 12:14:10] [INFO] Customer bought a ticket. Current pool size: 3
[2024-11-20 12:14:10] [INFO] Vendor added a ticket. Current pool size: 4
[2024-11-20 12:14:11] [INFO] Customer bought a ticket. Current pool size: 1
[2024-11-20 12:14:11] [INFO] Customer bought a ticket. Current pool size: 0
[2024-11-20 12:14:11] [INFO] Customer bought a ticket. Current pool size: 2
[2024-11-20 12:14:11] [INFO] Customer waiting for tickets.
[2024-11-20 12:14:11] [INFO] Vendor added a ticket. Current pool size: 1
[2024-11-20 12:14:11] [INFO] Vendor added a ticket. Current pool size: 2
[2024-11-20 12:14:11] [INFO] Vendor finished: No more tickets to add.
[2024-11-20 12:14:11] [INFO] Vendor finished: No more tickets to add.
[2024-11-20 12:14:11] [INFO] Customer bought a ticket. Current pool size: 1
[2024-11-20 12:14:11] [INFO] Customer bought a ticket. Current pool size: 0
[2024-11-20 12:14:11] [INFO] Customer waiting for tickets.
[2024-11-20 12:14:11] [INFO] Customer waiting for tickets.
[2024-11-20 12:14:11] [INFO] Customer finished: No more tickets to buy.
[2024-11-20 12:14:11] [INFO] Customer finished: No more tickets to buy.
[2024-11-20 12:14:11] [INFO] Customer finished: No more tickets to buy.
[2024-11-20 12:14:11] [INFO] Customer waiting for tickets.
[2024-11-20 12:14:11] [INFO] Customer finished: No more tickets to buy.
[2024-11-20 12:14:11] [INFO] Customer waiting for tickets.
[2024-11-20 12:14:11] [INFO] Customer finished: No more tickets to buy.
